java.net.MalformedURLException
	at java.base/java.net.URL.<init>(URL.java:708)
	at java.base/java.net.URL.<init>(URL.java:569)
	at java.base/java.net.URL.<init>(URL.java:516)
	at java.xml/com.sun.org.apache.xerces.internal.impl.XMLEntityManager.setupCurrentEntity(XMLEntityManager.java:650)
	at java.xml/com.sun.org.apache.xerces.internal.impl.XMLVersionDetector.determineDocVersion(XMLVersionDetector.java:150)
	at java.xml/com.sun.org.apache.xerces.internal.parsers.XML11Configuration.parse(XML11Configuration.java:861)
	at java.xml/com.sun.org.apache.xerces.internal.parsers.XML11Configuration.parse(XML11Configuration.java:825)
	at java.xml/com.sun.org.apache.xerces.internal.parsers.XMLParser.parse(XMLParser.java:141)
	at java.xml/com.sun.org.apache.xerces.internal.parsers.DOMParser.parse(DOMParser.java:247)
	at java.xml/com.sun.org.apache.xerces.internal.jaxp.DocumentBuilderImpl.parse(DocumentBuilderImpl.java:342)
	at org.eclipse.emf.codegen.merge.java.JControlModel.initialize(JControlModel.java:963)
	at org.eclipse.emf.codegen.merge.java.JControlModel.initialize(JControlModel.java:952)
	at org.eclipse.emf.codegen.ecore.generator.Generator.getJControlModel(Generator.java:451)
	at org.eclipse.emf.codegen.ecore.generator.AbstractGeneratorAdapter.generateJava(AbstractGeneratorAdapter.java:1969)
	at org.eclipse.emf.codegen.ecore.genmodel.generator.GenPackageGeneratorAdapter.generateResourceClass(GenPackageGeneratorAdapter.java:815)
	at org.eclipse.fennec.emf.osgi.codegen.adapter.GeckoGenPackageGeneratorAdapter.generateModel(GeckoGenPackageGeneratorAdapter.java:138)
	at org.eclipse.emf.codegen.ecore.genmodel.generator.GenBaseGeneratorAdapter.doGenerate(GenBaseGeneratorAdapter.java:215)
	at org.eclipse.emf.codegen.ecore.generator.AbstractGeneratorAdapter.generate(AbstractGeneratorAdapter.java:318)
	at org.eclipse.emf.codegen.ecore.generator.Generator.generate(Generator.java:768)
	at org.eclipse.emf.codegen.ecore.generator.Generator.generate(Generator.java:679)
	at org.eclipse.fennec.emf.osgi.codegen.GeckoEmfGenerator.doGenerate(GeckoEmfGenerator.java:333)
	at org.eclipse.fennec.emf.osgi.codegen.GeckoEmfGenerator.generate(GeckoEmfGenerator.java:170)
	at org.eclipse.fennec.emf.osgi.codegen.GeckoEmfGenerator.generate(GeckoEmfGenerator.java:1)
	at aQute.bnd.build.ProjectGenerate.lambda$doGeneratePlugin$1(ProjectGenerate.java:270)
	at aQute.lib.redirect.Redirect.apply(Redirect.java:117)
	at aQute.bnd.build.ProjectGenerate.lambda$doGeneratePlugin$2(ProjectGenerate.java:270)
	at aQute.bnd.build.WorkspaceExternalPluginHandler.call(WorkspaceExternalPluginHandler.java:99)
	at aQute.bnd.build.ProjectGenerate.doGeneratePlugin(ProjectGenerate.java:255)
	at aQute.bnd.build.ProjectGenerate.doGenerate(ProjectGenerate.java:226)
	at aQute.bnd.build.ProjectGenerate.step(ProjectGenerate.java:146)
	at aQute.bnd.build.ProjectGenerate.generate(ProjectGenerate.java:66)
	at org.bndtools.builder.BndSourceGenerateCompilationParticipant.lambda$aboutToBuild$2(BndSourceGenerateCompilationParticipant.java:63)
	at bndtools.central.Central.lambda$bndCall$17(Central.java:787)
	at aQute.bnd.service.progress.TaskManager.with(TaskManager.java:37)
	at bndtools.central.Central.lambda$bndCall$18(Central.java:787)
	at aQute.bnd.build.WorkspaceLock.locked(WorkspaceLock.java:168)
	at aQute.bnd.build.Workspace.readLocked(Workspace.java:1504)
	at bndtools.central.Central.bndCall(Central.java:798)
	at org.bndtools.builder.BndSourceGenerateCompilationParticipant.aboutToBuild(BndSourceGenerateCompilationParticipant.java:58)
	at org.eclipse.jdt.internal.core.builder.JavaBuilder.initializeBuilder(JavaBuilder.java:654)
	at org.eclipse.jdt.internal.core.builder.JavaBuilder.build(JavaBuilder.java:185)
	at org.eclipse.core.internal.events.BuildManager$2.run(BuildManager.java:1079)
	at org.eclipse.core.runtime.SafeRunner.run(SafeRunner.java:47)
	at org.eclipse.core.internal.events.BuildManager.basicBuild(BuildManager.java:296)
	at org.eclipse.core.internal.events.BuildManager.basicBuild(BuildManager.java:352)
	at org.eclipse.core.internal.events.BuildManager$1.run(BuildManager.java:441)
	at org.eclipse.core.runtime.SafeRunner.run(SafeRunner.java:47)
	at org.eclipse.core.internal.events.BuildManager.basicBuild(BuildManager.java:444)
	at org.eclipse.core.internal.events.BuildManager.basicBuildLoop(BuildManager.java:555)
	at org.eclipse.core.internal.events.BuildManager.basicBuildLoop(BuildManager.java:503)
	at org.eclipse.core.internal.events.BuildManager.build(BuildManager.java:585)
	at org.eclipse.core.internal.events.AutoBuildJob.doBuild(AutoBuildJob.java:207)
	at org.eclipse.core.internal.events.AutoBuildJob.run(AutoBuildJob.java:300)
	at org.eclipse.core.internal.jobs.Worker.run(Worker.java:63)
Caused by: java.lang.NullPointerException
